Copyright 1986-2020 Xilinx, Inc. All Rights Reserved.
--------------------------------------------------------------------------------------------------------------------------------------------------------------
| Tool Version : Vivado v.2020.2 (win64) Build 3064766 Wed Nov 18 09:12:45 MST 2020
| Date         : Tue Feb 16 00:34:03 2021
| Host         : DESKTOP-2D4IHUT running 64-bit major release  (build 9200)
| Command      : report_methodology -file lab02_Q3_methodology_drc_routed.rpt -pb lab02_Q3_methodology_drc_routed.pb -rpx lab02_Q3_methodology_drc_routed.rpx
| Design       : lab02_Q3
| Device       : xc7a35tcpg236-1
| Speed File   : -1
| Design State : Fully Routed
--------------------------------------------------------------------------------------------------------------------------------------------------------------

Report Methodology

Table of Contents
-----------------
1. REPORT SUMMARY
2. REPORT DETAILS

1. REPORT SUMMARY
-----------------
            Netlist: netlist
          Floorplan: design_1
      Design limits: <entire design considered>
             Max violations: <unlimited>
             Violations found: 1
+-----------+----------+--------------------------+------------+
| Rule      | Severity | Description              | Violations |
+-----------+----------+--------------------------+------------+
| TIMING-23 | Warning  | Combinational loop found | 1          |
+-----------+----------+--------------------------+------------+

2. REPORT DETAILS
-----------------
TIMING-23#1 Warning
Combinational loop found  
A timing loop has been detected on a combinational path. A timing arc has been disabled between led_OBUF[0]_inst_i_1/I1 and led_OBUF[0]_inst_i_1/O to disable the timing loop
Related violations: <none>


