#-----------------------------------------------------------
# Vivado v2020.2 (64-bit)
# SW Build 3064766 on Wed Nov 18 09:12:45 MST 2020
# IP Build 3064653 on Wed Nov 18 14:17:31 MST 2020
# Start of session at: Sat Jan 22 12:05:59 2022
# Process ID: 26592
# Current directory: D:/CENG3430/lab1_2
# Command line: vivado.exe -gui_launcher_event rodinguilauncherevent3680 D:\CENG3430\lab1_2\lab1_2.xpr
# Log file: D:/CENG3430/lab1_2/vivado.log
# Journal file: D:/CENG3430/lab1_2\vivado.jou
#-----------------------------------------------------------
start_gui
open_project D:/CENG3430/lab1_2/lab1_2.xpr
Scanning sources...
Finished scanning sources
INFO: [Project 1-230] Project 'lab1_2.xpr' upgraded for this version of Vivado.
INFO: [IP_Flow 19-234] Refreshing IP repositories
INFO: [IP_Flow 19-1704] No user IP repositories specified
INFO: [IP_Flow 19-2313] Loaded Vivado IP repository 'C:/Xilinx/Vivado/2020.2/data/ip'.
update_compile_order -fileset sources_1
launch_simulation
Command: launch_simulation 
INFO: [Vivado 12-5682] Launching behavioral simulation in 'D:/CENG3430/lab1_2/lab1_2.sim/sim_1/behav/xsim'
INFO: [SIM-utils-51] Simulation object is 'sim_1'
INFO: [SIM-utils-54] Inspecting design source files for 'tb_lab1_2' in fileset 'sim_1'...
INFO: [USF-XSim-97] Finding global include files...
INFO: [USF-XSim-98] Fetching design files from 'sim_1'...
INFO: [USF-XSim-2] XSim::Compile design
INFO: [USF-XSim-61] Executing 'COMPILE and ANALYZE' step in 'D:/CENG3430/lab1_2/lab1_2.sim/sim_1/behav/xsim'
"xvhdl --incr --relax -prj tb_lab1_2_vhdl.prj"
INFO: [VRFC 10-163] Analyzing VHDL file "D:/CENG3430/lab1_2/lab1_2.srcs/sim_1/new/tb_lab1_2.vhd" into library xil_defaultlib
INFO: [VRFC 10-3107] analyzing entity 'tb_lab1_2'
INFO: [USF-XSim-69] 'compile' step finished in '1' seconds
INFO: [USF-XSim-3] XSim::Elaborate design
INFO: [USF-XSim-61] Executing 'ELABORATE' step in 'D:/CENG3430/lab1_2/lab1_2.sim/sim_1/behav/xsim'
"xelab -wto 88851de100964ffba163004dac44f1c0 --incr --debug typical --relax --mt 2 -L xil_defaultlib -L secureip --snapshot tb_lab1_2_behav xil_defaultlib.tb_lab1_2 -log elaborate.log"
Vivado Simulator 2020.2
Copyright 1986-1999, 2001-2020 Xilinx, Inc. All Rights Reserved.
Running: C:/Xilinx/Vivado/2020.2/bin/unwrapped/win64.o/xelab.exe -wto 88851de100964ffba163004dac44f1c0 --incr --debug typical --relax --mt 2 -L xil_defaultlib -L secureip --snapshot tb_lab1_2_behav xil_defaultlib.tb_lab1_2 -log elaborate.log 
Using 2 slave threads.
Starting static elaboration
Completed static elaboration
Starting simulation data flow analysis
Completed simulation data flow analysis
Time Resolution for simulation is 1ps
Compiling package std.standard
Compiling package std.textio
Compiling package ieee.std_logic_1164
Compiling architecture behavioral of entity xil_defaultlib.tb_lab1_2
Built simulation snapshot tb_lab1_2_behav

****** Webtalk v2020.2 (64-bit)
  **** SW Build 3064766 on Wed Nov 18 09:12:45 MST 2020
  **** IP Build 3064653 on Wed Nov 18 14:17:31 MST 2020
    ** Copyright 1986-2020 Xilinx, Inc. All Rights Reserved.

source D:/CENG3430/lab1_2/lab1_2.sim/sim_1/behav/xsim/xsim.dir/tb_lab1_2_behav/webtalk/xsim_webtalk.tcl -notrace
INFO: [Common 17-186] 'D:/CENG3430/lab1_2/lab1_2.sim/sim_1/behav/xsim/xsim.dir/tb_lab1_2_behav/webtalk/usage_statistics_ext_xsim.xml' has been successfully sent to Xilinx on Sat Jan 22 12:06:36 2022. For additional details about this file, please refer to the WebTalk help file at C:/Xilinx/Vivado/2020.2/doc/webtalk_introduction.html.
INFO: [Common 17-206] Exiting Webtalk at Sat Jan 22 12:06:36 2022...
run_program: Time (s): cpu = 00:00:00 ; elapsed = 00:00:07 . Memory (MB): peak = 1018.656 ; gain = 0.000
INFO: [USF-XSim-69] 'elaborate' step finished in '8' seconds
INFO: [USF-XSim-4] XSim::Simulate design
INFO: [USF-XSim-61] Executing 'SIMULATE' step in 'D:/CENG3430/lab1_2/lab1_2.sim/sim_1/behav/xsim'
INFO: [USF-XSim-98] *** Running xsim
   with args "tb_lab1_2_behav -key {Behavioral:sim_1:Functional:tb_lab1_2} -tclbatch {tb_lab1_2.tcl} -log {simulate.log}"
INFO: [USF-XSim-8] Loading simulator feature
Vivado Simulator 2020.2
Time resolution is 1 ps
source tb_lab1_2.tcl
# set curr_wave [current_wave_config]
# if { [string length $curr_wave] == 0 } {
#   if { [llength [get_objects]] > 0} {
#     add_wave /
#     set_property needs_save false [current_wave_config]
#   } else {
#      send_msg_id Add_Wave-1 WARNING "No top level signals found. Simulator will start without a wave window. If you want to open a wave window go to 'File->New Waveform Configuration' or type 'create_wave_config' in the TCL console."
#   }
# }
# run 1000ns
INFO: [USF-XSim-96] XSim completed. Design snapshot 'tb_lab1_2_behav' loaded.
INFO: [USF-XSim-97] XSim simulation ran for 1000ns
launch_simulation: Time (s): cpu = 00:00:08 ; elapsed = 00:00:12 . Memory (MB): peak = 1018.656 ; gain = 0.000
close_sim
INFO: [Simtcl 6-16] Simulation closed
close_sim: Time (s): cpu = 00:00:02 ; elapsed = 00:00:07 . Memory (MB): peak = 1018.656 ; gain = 0.000
exit
INFO: [Common 17-206] Exiting Vivado at Sat Jan 22 13:13:25 2022...
