Copyright 1986-2020 Xilinx, Inc. All Rights Reserved.
-------------------------------------------------------------------------------------
| Tool Version : Vivado v.2020.2 (win64) Build 3064766 Wed Nov 18 09:12:45 MST 2020
| Date         : Wed Feb 24 19:38:56 2021
| Host         : DESKTOP-2D4IHUT running 64-bit major release  (build 9200)
| Command      : report_control_sets -verbose -file lab03_Q2_control_sets_placed.rpt
| Design       : lab03_Q2
| Device       : xc7a35t
-------------------------------------------------------------------------------------

Control Set Information

Table of Contents
-----------------
1. Summary
2. Histogram
3. Flip-Flop Distribution
4. Detailed Control Set Information

1. Summary
----------

+----------------------------------------------------------+-------+
|                          Status                          | Count |
+----------------------------------------------------------+-------+
| Total control sets                                       |     6 |
|    Minimum number of control sets                        |     6 |
|    Addition due to synthesis replication                 |     0 |
|    Addition due to physical synthesis replication        |     0 |
| Unused register locations in slices containing registers |    42 |
+----------------------------------------------------------+-------+
* Control sets can be merged at opt_design using control_set_merge or merge_equivalent_drivers
** Run report_qor_suggestions for automated merging and remapping suggestions


2. Histogram
------------

+--------------------+-------+
|       Fanout       | Count |
+--------------------+-------+
| Total control sets |     6 |
| >= 0 to < 4        |     6 |
| >= 4 to < 6        |     0 |
| >= 6 to < 8        |     0 |
| >= 8 to < 10       |     0 |
| >= 10 to < 12      |     0 |
| >= 12 to < 14      |     0 |
| >= 14 to < 16      |     0 |
| >= 16              |     0 |
+--------------------+-------+
* Control sets can be remapped at either synth_design or opt_design


3. Flip-Flop Distribution
-------------------------

+--------------+-----------------------+------------------------+-----------------+--------------+
| Clock Enable | Synchronous Set/Reset | Asynchronous Set/Reset | Total Registers | Total Slices |
+--------------+-----------------------+------------------------+-----------------+--------------+
| No           | No                    | No                     |               0 |            0 |
| No           | No                    | Yes                    |               2 |            2 |
| No           | Yes                   | No                     |               2 |            2 |
| Yes          | No                    | No                     |               0 |            0 |
| Yes          | No                    | Yes                    |               2 |            2 |
| Yes          | Yes                   | No                     |               0 |            0 |
+--------------+-----------------------+------------------------+-----------------+--------------+


4. Detailed Control Set Information
-----------------------------------

+------------------+---------------+----------------------+------------------+----------------+--------------+
|   Clock Signal   | Enable Signal |   Set/Reset Signal   | Slice Load Count | Bel Load Count | Bels / Slice |
+------------------+---------------+----------------------+------------------+----------------+--------------+
| ~btnC_IBUF_BUFG  |               | notQ_reg_LDC_i_2_n_0 |                1 |              1 |         1.00 |
| ~btnC_IBUF_BUFG  |               | Q_reg_LDC_i_2_n_0    |                1 |              1 |         1.00 |
| ~btnC_IBUF_BUFG  | Q04_out       | notQ_reg_LDC_i_1_n_0 |                1 |              1 |         1.00 |
| ~btnC_IBUF_BUFG  | Q04_out       | Q_reg_LDC_i_1_n_0    |                1 |              1 |         1.00 |
| ~sw_IBUF_BUFG[2] |               | notQ_reg_LDC_i_2_n_0 |                1 |              1 |         1.00 |
| ~sw_IBUF_BUFG[3] |               | Q_reg_LDC_i_2_n_0    |                1 |              1 |         1.00 |
+------------------+---------------+----------------------+------------------+----------------+--------------+


