
*** Running vivado
    with args -log Lab_02_Q1.vds -m64 -product Vivado -mode batch -messageDb vivado.pb -notrace -source Lab_02_Q1.tcl



****** Vivado v2020.2 (64-bit)
  **** SW Build 3064766 on Wed Nov 18 09:12:45 MST 2020
  **** IP Build 3064653 on Wed Nov 18 14:17:31 MST 2020
    ** Copyright 1986-2020 Xilinx, Inc. All Rights Reserved.

source Lab_02_Q1.tcl -notrace
Command: synth_design -top Lab_02_Q1 -part xc7a35tcpg236-1
Starting synth_design
Attempting to get a license for feature 'Synthesis' and/or device 'xc7a35t'
INFO: [Common 17-349] Got license for feature 'Synthesis' and/or device 'xc7a35t'
INFO: [Device 21-403] Loading part xc7a35tcpg236-1
INFO: [Synth 8-7079] Multithreading enabled for synth_design using a maximum of 2 processes.
INFO: [Synth 8-7078] Launching helper process for spawning children vivado processes
INFO: [Synth 8-7075] Helper process launched with PID 21000
---------------------------------------------------------------------------------
Starting RTL Elaboration : Time (s): cpu = 00:00:04 ; elapsed = 00:00:04 . Memory (MB): peak = 1017.875 ; gain = 0.000
---------------------------------------------------------------------------------
INFO: [Synth 8-638] synthesizing module 'Lab_02_Q1' [C:/Users/kingk/OneDrive/New Folder/CENG2010/ceng2010_lab1_q1/ceng2010_lab1_q1.srcs/sources_1/new/Lab_02.vhd:42]
INFO: [Synth 8-256] done synthesizing module 'Lab_02_Q1' (1#1) [C:/Users/kingk/OneDrive/New Folder/CENG2010/ceng2010_lab1_q1/ceng2010_lab1_q1.srcs/sources_1/new/Lab_02.vhd:42]
---------------------------------------------------------------------------------
Finished RTL Elaboration : Time (s): cpu = 00:00:05 ; elapsed = 00:00:05 . Memory (MB): peak = 1017.875 ; gain = 0.000
---------------------------------------------------------------------------------
---------------------------------------------------------------------------------
Start Handling Custom Attributes
---------------------------------------------------------------------------------
---------------------------------------------------------------------------------
Finished Handling Custom Attributes : Time (s): cpu = 00:00:05 ; elapsed = 00:00:05 . Memory (MB): peak = 1017.875 ; gain = 0.000
---------------------------------------------------------------------------------
---------------------------------------------------------------------------------
Finished RTL Optimization Phase 1 : Time (s): cpu = 00:00:05 ; elapsed = 00:00:05 . Memory (MB): peak = 1017.875 ; gain = 0.000
---------------------------------------------------------------------------------
Netlist sorting complete. Time (s): cpu = 00:00:00 ; elapsed = 00:00:00 . Memory (MB): peak = 1017.875 ; gain = 0.000
INFO: [Project 1-570] Preparing netlist for logic optimization

Processing XDC Constraints
Initializing timing engine
Parsing XDC File [C:/Users/kingk/OneDrive/桌面/New Folder/CENG2010/basys3_lab01.xdc]
CRITICAL WARNING: [Netlist 29-177] Cannot set property 'BITSTREAM.General.UnconstraintedPins' because the property does not exist. [C:/Users/kingk/OneDrive/桌面/New Folder/CENG2010/basys3_lab01.xdc:11]
Resolution: Create this property using create_property command before setting it.
WARNING: [Vivado 12-584] No ports matched 'sw4'. [C:/Users/kingk/OneDrive/桌面/New Folder/CENG2010/basys3_lab01.xdc:22]
CRITICAL WARNING: [Common 17-55] 'set_property' expects at least one object. [C:/Users/kingk/OneDrive/桌面/New Folder/CENG2010/basys3_lab01.xdc:22]
Resolution: If [get_<value>] was used to populate the object, check to make sure this command returns at least one valid object.
WARNING: [Vivado 12-584] No ports matched 'sw4'. [C:/Users/kingk/OneDrive/桌面/New Folder/CENG2010/basys3_lab01.xdc:23]
CRITICAL WARNING: [Common 17-55] 'set_property' expects at least one object. [C:/Users/kingk/OneDrive/桌面/New Folder/CENG2010/basys3_lab01.xdc:23]
Resolution: If [get_<value>] was used to populate the object, check to make sure this command returns at least one valid object.
WARNING: [Vivado 12-584] No ports matched 'sw5'. [C:/Users/kingk/OneDrive/桌面/New Folder/CENG2010/basys3_lab01.xdc:24]
CRITICAL WARNING: [Common 17-55] 'set_property' expects at least one object. [C:/Users/kingk/OneDrive/桌面/New Folder/CENG2010/basys3_lab01.xdc:24]
Resolution: If [get_<value>] was used to populate the object, check to make sure this command returns at least one valid object.
WARNING: [Vivado 12-584] No ports matched 'sw5'. [C:/Users/kingk/OneDrive/桌面/New Folder/CENG2010/basys3_lab01.xdc:25]
CRITICAL WARNING: [Common 17-55] 'set_property' expects at least one object. [C:/Users/kingk/OneDrive/桌面/New Folder/CENG2010/basys3_lab01.xdc:25]
Resolution: If [get_<value>] was used to populate the object, check to make sure this command returns at least one valid object.
WARNING: [Vivado 12-584] No ports matched 'sw6'. [C:/Users/kingk/OneDrive/桌面/New Folder/CENG2010/basys3_lab01.xdc:26]
CRITICAL WARNING: [Common 17-55] 'set_property' expects at least one object. [C:/Users/kingk/OneDrive/桌面/New Folder/CENG2010/basys3_lab01.xdc:26]
Resolution: If [get_<value>] was used to populate the object, check to make sure this command returns at least one valid object.
WARNING: [Vivado 12-584] No ports matched 'sw6'. [C:/Users/kingk/OneDrive/桌面/New Folder/CENG2010/basys3_lab01.xdc:27]
CRITICAL WARNING: [Common 17-55] 'set_property' expects at least one object. [C:/Users/kingk/OneDrive/桌面/New Folder/CENG2010/basys3_lab01.xdc:27]
Resolution: If [get_<value>] was used to populate the object, check to make sure this command returns at least one valid object.
WARNING: [Vivado 12-584] No ports matched 'sw7'. [C:/Users/kingk/OneDrive/桌面/New Folder/CENG2010/basys3_lab01.xdc:28]
CRITICAL WARNING: [Common 17-55] 'set_property' expects at least one object. [C:/Users/kingk/OneDrive/桌面/New Folder/CENG2010/basys3_lab01.xdc:28]
Resolution: If [get_<value>] was used to populate the object, check to make sure this command returns at least one valid object.
WARNING: [Vivado 12-584] No ports matched 'sw7'. [C:/Users/kingk/OneDrive/桌面/New Folder/CENG2010/basys3_lab01.xdc:29]
CRITICAL WARNING: [Common 17-55] 'set_property' expects at least one object. [C:/Users/kingk/OneDrive/桌面/New Folder/CENG2010/basys3_lab01.xdc:29]
Resolution: If [get_<value>] was used to populate the object, check to make sure this command returns at least one valid object.
WARNING: [Vivado 12-584] No ports matched 'led1'. [C:/Users/kingk/OneDrive/桌面/New Folder/CENG2010/basys3_lab01.xdc:51]
CRITICAL WARNING: [Common 17-55] 'set_property' expects at least one object. [C:/Users/kingk/OneDrive/桌面/New Folder/CENG2010/basys3_lab01.xdc:51]
Resolution: If [get_<value>] was used to populate the object, check to make sure this command returns at least one valid object.
WARNING: [Vivado 12-584] No ports matched 'led1'. [C:/Users/kingk/OneDrive/桌面/New Folder/CENG2010/basys3_lab01.xdc:52]
CRITICAL WARNING: [Common 17-55] 'set_property' expects at least one object. [C:/Users/kingk/OneDrive/桌面/New Folder/CENG2010/basys3_lab01.xdc:52]
Resolution: If [get_<value>] was used to populate the object, check to make sure this command returns at least one valid object.
WARNING: [Vivado 12-584] No ports matched 'led2'. [C:/Users/kingk/OneDrive/桌面/New Folder/CENG2010/basys3_lab01.xdc:53]
CRITICAL WARNING: [Common 17-55] 'set_property' expects at least one object. [C:/Users/kingk/OneDrive/桌面/New Folder/CENG2010/basys3_lab01.xdc:53]
Resolution: If [get_<value>] was used to populate the object, check to make sure this command returns at least one valid object.
WARNING: [Vivado 12-584] No ports matched 'led2'. [C:/Users/kingk/OneDrive/桌面/New Folder/CENG2010/basys3_lab01.xdc:54]
CRITICAL WARNING: [Common 17-55] 'set_property' expects at least one object. [C:/Users/kingk/OneDrive/桌面/New Folder/CENG2010/basys3_lab01.xdc:54]
Resolution: If [get_<value>] was used to populate the object, check to make sure this command returns at least one valid object.
WARNING: [Vivado 12-584] No ports matched 'led3'. [C:/Users/kingk/OneDrive/桌面/New Folder/CENG2010/basys3_lab01.xdc:55]
CRITICAL WARNING: [Common 17-55] 'set_property' expects at least one object. [C:/Users/kingk/OneDrive/桌面/New Folder/CENG2010/basys3_lab01.xdc:55]
Resolution: If [get_<value>] was used to populate the object, check to make sure this command returns at least one valid object.
WARNING: [Vivado 12-584] No ports matched 'led3'. [C:/Users/kingk/OneDrive/桌面/New Folder/CENG2010/basys3_lab01.xdc:56]
CRITICAL WARNING: [Common 17-55] 'set_property' expects at least one object. [C:/Users/kingk/OneDrive/桌面/New Folder/CENG2010/basys3_lab01.xdc:56]
Resolution: If [get_<value>] was used to populate the object, check to make sure this command returns at least one valid object.
WARNING: [Vivado 12-584] No ports matched 'led4'. [C:/Users/kingk/OneDrive/桌面/New Folder/CENG2010/basys3_lab01.xdc:57]
CRITICAL WARNING: [Common 17-55] 'set_property' expects at least one object. [C:/Users/kingk/OneDrive/桌面/New Folder/CENG2010/basys3_lab01.xdc:57]
Resolution: If [get_<value>] was used to populate the object, check to make sure this command returns at least one valid object.
WARNING: [Vivado 12-584] No ports matched 'led4'. [C:/Users/kingk/OneDrive/桌面/New Folder/CENG2010/basys3_lab01.xdc:58]
CRITICAL WARNING: [Common 17-55] 'set_property' expects at least one object. [C:/Users/kingk/OneDrive/桌面/New Folder/CENG2010/basys3_lab01.xdc:58]
Resolution: If [get_<value>] was used to populate the object, check to make sure this command returns at least one valid object.
WARNING: [Vivado 12-584] No ports matched 'led5'. [C:/Users/kingk/OneDrive/桌面/New Folder/CENG2010/basys3_lab01.xdc:59]
CRITICAL WARNING: [Common 17-55] 'set_property' expects at least one object. [C:/Users/kingk/OneDrive/桌面/New Folder/CENG2010/basys3_lab01.xdc:59]
Resolution: If [get_<value>] was used to populate the object, check to make sure this command returns at least one valid object.
WARNING: [Vivado 12-584] No ports matched 'led5'. [C:/Users/kingk/OneDrive/桌面/New Folder/CENG2010/basys3_lab01.xdc:60]
CRITICAL WARNING: [Common 17-55] 'set_property' expects at least one object. [C:/Users/kingk/OneDrive/桌面/New Folder/CENG2010/basys3_lab01.xdc:60]
Resolution: If [get_<value>] was used to populate the object, check to make sure this command returns at least one valid object.
WARNING: [Vivado 12-584] No ports matched 'led6'. [C:/Users/kingk/OneDrive/桌面/New Folder/CENG2010/basys3_lab01.xdc:61]
CRITICAL WARNING: [Common 17-55] 'set_property' expects at least one object. [C:/Users/kingk/OneDrive/桌面/New Folder/CENG2010/basys3_lab01.xdc:61]
Resolution: If [get_<value>] was used to populate the object, check to make sure this command returns at least one valid object.
WARNING: [Vivado 12-584] No ports matched 'led6'. [C:/Users/kingk/OneDrive/桌面/New Folder/CENG2010/basys3_lab01.xdc:62]
CRITICAL WARNING: [Common 17-55] 'set_property' expects at least one object. [C:/Users/kingk/OneDrive/桌面/New Folder/CENG2010/basys3_lab01.xdc:62]
Resolution: If [get_<value>] was used to populate the object, check to make sure this command returns at least one valid object.
WARNING: [Vivado 12-584] No ports matched 'led7'. [C:/Users/kingk/OneDrive/桌面/New Folder/CENG2010/basys3_lab01.xdc:63]
CRITICAL WARNING: [Common 17-55] 'set_property' expects at least one object. [C:/Users/kingk/OneDrive/桌面/New Folder/CENG2010/basys3_lab01.xdc:63]
Resolution: If [get_<value>] was used to populate the object, check to make sure this command returns at least one valid object.
WARNING: [Vivado 12-584] No ports matched 'led7'. [C:/Users/kingk/OneDrive/桌面/New Folder/CENG2010/basys3_lab01.xdc:64]
CRITICAL WARNING: [Common 17-55] 'set_property' expects at least one object. [C:/Users/kingk/OneDrive/桌面/New Folder/CENG2010/basys3_lab01.xdc:64]
Resolution: If [get_<value>] was used to populate the object, check to make sure this command returns at least one valid object.
WARNING: [Vivado 12-584] No ports matched 'seg0'. [C:/Users/kingk/OneDrive/桌面/New Folder/CENG2010/basys3_lab01.xdc:84]
CRITICAL WARNING: [Common 17-55] 'set_property' expects at least one object. [C:/Users/kingk/OneDrive/桌面/New Folder/CENG2010/basys3_lab01.xdc:84]
Resolution: If [get_<value>] was used to populate the object, check to make sure this command returns at least one valid object.
WARNING: [Vivado 12-584] No ports matched 'seg0'. [C:/Users/kingk/OneDrive/桌面/New Folder/CENG2010/basys3_lab01.xdc:85]
CRITICAL WARNING: [Common 17-55] 'set_property' expects at least one object. [C:/Users/kingk/OneDrive/桌面/New Folder/CENG2010/basys3_lab01.xdc:85]
Resolution: If [get_<value>] was used to populate the object, check to make sure this command returns at least one valid object.
WARNING: [Vivado 12-584] No ports matched 'seg1'. [C:/Users/kingk/OneDrive/桌面/New Folder/CENG2010/basys3_lab01.xdc:86]
CRITICAL WARNING: [Common 17-55] 'set_property' expects at least one object. [C:/Users/kingk/OneDrive/桌面/New Folder/CENG2010/basys3_lab01.xdc:86]
Resolution: If [get_<value>] was used to populate the object, check to make sure this command returns at least one valid object.
WARNING: [Vivado 12-584] No ports matched 'seg1'. [C:/Users/kingk/OneDrive/桌面/New Folder/CENG2010/basys3_lab01.xdc:87]
CRITICAL WARNING: [Common 17-55] 'set_property' expects at least one object. [C:/Users/kingk/OneDrive/桌面/New Folder/CENG2010/basys3_lab01.xdc:87]
Resolution: If [get_<value>] was used to populate the object, check to make sure this command returns at least one valid object.
WARNING: [Vivado 12-584] No ports matched 'seg2'. [C:/Users/kingk/OneDrive/桌面/New Folder/CENG2010/basys3_lab01.xdc:88]
CRITICAL WARNING: [Common 17-55] 'set_property' expects at least one object. [C:/Users/kingk/OneDrive/桌面/New Folder/CENG2010/basys3_lab01.xdc:88]
Resolution: If [get_<value>] was used to populate the object, check to make sure this command returns at least one valid object.
WARNING: [Vivado 12-584] No ports matched 'seg2'. [C:/Users/kingk/OneDrive/桌面/New Folder/CENG2010/basys3_lab01.xdc:89]
CRITICAL WARNING: [Common 17-55] 'set_property' expects at least one object. [C:/Users/kingk/OneDrive/桌面/New Folder/CENG2010/basys3_lab01.xdc:89]
Resolution: If [get_<value>] was used to populate the object, check to make sure this command returns at least one valid object.
WARNING: [Vivado 12-584] No ports matched 'seg3'. [C:/Users/kingk/OneDrive/桌面/New Folder/CENG2010/basys3_lab01.xdc:90]
CRITICAL WARNING: [Common 17-55] 'set_property' expects at least one object. [C:/Users/kingk/OneDrive/桌面/New Folder/CENG2010/basys3_lab01.xdc:90]
Resolution: If [get_<value>] was used to populate the object, check to make sure this command returns at least one valid object.
WARNING: [Vivado 12-584] No ports matched 'seg3'. [C:/Users/kingk/OneDrive/桌面/New Folder/CENG2010/basys3_lab01.xdc:91]
CRITICAL WARNING: [Common 17-55] 'set_property' expects at least one object. [C:/Users/kingk/OneDrive/桌面/New Folder/CENG2010/basys3_lab01.xdc:91]
Resolution: If [get_<value>] was used to populate the object, check to make sure this command returns at least one valid object.
WARNING: [Vivado 12-584] No ports matched 'seg4'. [C:/Users/kingk/OneDrive/桌面/New Folder/CENG2010/basys3_lab01.xdc:92]
CRITICAL WARNING: [Common 17-55] 'set_property' expects at least one object. [C:/Users/kingk/OneDrive/桌面/New Folder/CENG2010/basys3_lab01.xdc:92]
Resolution: If [get_<value>] was used to populate the object, check to make sure this command returns at least one valid object.
WARNING: [Vivado 12-584] No ports matched 'seg4'. [C:/Users/kingk/OneDrive/桌面/New Folder/CENG2010/basys3_lab01.xdc:93]
CRITICAL WARNING: [Common 17-55] 'set_property' expects at least one object. [C:/Users/kingk/OneDrive/桌面/New Folder/CENG2010/basys3_lab01.xdc:93]
Resolution: If [get_<value>] was used to populate the object, check to make sure this command returns at least one valid object.
WARNING: [Vivado 12-584] No ports matched 'seg5'. [C:/Users/kingk/OneDrive/桌面/New Folder/CENG2010/basys3_lab01.xdc:94]
CRITICAL WARNING: [Common 17-55] 'set_property' expects at least one object. [C:/Users/kingk/OneDrive/桌面/New Folder/CENG2010/basys3_lab01.xdc:94]
Resolution: If [get_<value>] was used to populate the object, check to make sure this command returns at least one valid object.
WARNING: [Vivado 12-584] No ports matched 'seg5'. [C:/Users/kingk/OneDrive/桌面/New Folder/CENG2010/basys3_lab01.xdc:95]
CRITICAL WARNING: [Common 17-55] 'set_property' expects at least one object. [C:/Users/kingk/OneDrive/桌面/New Folder/CENG2010/basys3_lab01.xdc:95]
Resolution: If [get_<value>] was used to populate the object, check to make sure this command returns at least one valid object.
WARNING: [Vivado 12-584] No ports matched 'seg6'. [C:/Users/kingk/OneDrive/桌面/New Folder/CENG2010/basys3_lab01.xdc:96]
CRITICAL WARNING: [Common 17-55] 'set_property' expects at least one object. [C:/Users/kingk/OneDrive/桌面/New Folder/CENG2010/basys3_lab01.xdc:96]
Resolution: If [get_<value>] was used to populate the object, check to make sure this command returns at least one valid object.
WARNING: [Vivado 12-584] No ports matched 'seg6'. [C:/Users/kingk/OneDrive/桌面/New Folder/CENG2010/basys3_lab01.xdc:97]
CRITICAL WARNING: [Common 17-55] 'set_property' expects at least one object. [C:/Users/kingk/OneDrive/桌面/New Folder/CENG2010/basys3_lab01.xdc:97]
Resolution: If [get_<value>] was used to populate the object, check to make sure this command returns at least one valid object.
WARNING: [Vivado 12-584] No ports matched 'dp'. [C:/Users/kingk/OneDrive/桌面/New Folder/CENG2010/basys3_lab01.xdc:99]
CRITICAL WARNING: [Common 17-55] 'set_property' expects at least one object. [C:/Users/kingk/OneDrive/桌面/New Folder/CENG2010/basys3_lab01.xdc:99]
Resolution: If [get_<value>] was used to populate the object, check to make sure this command returns at least one valid object.
WARNING: [Vivado 12-584] No ports matched 'dp'. [C:/Users/kingk/OneDrive/桌面/New Folder/CENG2010/basys3_lab01.xdc:100]
CRITICAL WARNING: [Common 17-55] 'set_property' expects at least one object. [C:/Users/kingk/OneDrive/桌面/New Folder/CENG2010/basys3_lab01.xdc:100]
Resolution: If [get_<value>] was used to populate the object, check to make sure this command returns at least one valid object.
WARNING: [Vivado 12-584] No ports matched 'an0'. [C:/Users/kingk/OneDrive/桌面/New Folder/CENG2010/basys3_lab01.xdc:102]
CRITICAL WARNING: [Common 17-55] 'set_property' expects at least one object. [C:/Users/kingk/OneDrive/桌面/New Folder/CENG2010/basys3_lab01.xdc:102]
Resolution: If [get_<value>] was used to populate the object, check to make sure this command returns at least one valid object.
WARNING: [Vivado 12-584] No ports matched 'an0'. [C:/Users/kingk/OneDrive/桌面/New Folder/CENG2010/basys3_lab01.xdc:103]
CRITICAL WARNING: [Common 17-55] 'set_property' expects at least one object. [C:/Users/kingk/OneDrive/桌面/New Folder/CENG2010/basys3_lab01.xdc:103]
Resolution: If [get_<value>] was used to populate the object, check to make sure this command returns at least one valid object.
WARNING: [Vivado 12-584] No ports matched 'an1'. [C:/Users/kingk/OneDrive/桌面/New Folder/CENG2010/basys3_lab01.xdc:104]
CRITICAL WARNING: [Common 17-55] 'set_property' expects at least one object. [C:/Users/kingk/OneDrive/桌面/New Folder/CENG2010/basys3_lab01.xdc:104]
Resolution: If [get_<value>] was used to populate the object, check to make sure this command returns at least one valid object.
WARNING: [Vivado 12-584] No ports matched 'an1'. [C:/Users/kingk/OneDrive/桌面/New Folder/CENG2010/basys3_lab01.xdc:105]
CRITICAL WARNING: [Common 17-55] 'set_property' expects at least one object. [C:/Users/kingk/OneDrive/桌面/New Folder/CENG2010/basys3_lab01.xdc:105]
Resolution: If [get_<value>] was used to populate the object, check to make sure this command returns at least one valid object.
WARNING: [Vivado 12-584] No ports matched 'an2'. [C:/Users/kingk/OneDrive/桌面/New Folder/CENG2010/basys3_lab01.xdc:106]
CRITICAL WARNING: [Common 17-55] 'set_property' expects at least one object. [C:/Users/kingk/OneDrive/桌面/New Folder/CENG2010/basys3_lab01.xdc:106]
Resolution: If [get_<value>] was used to populate the object, check to make sure this command returns at least one valid object.
WARNING: [Vivado 12-584] No ports matched 'an2'. [C:/Users/kingk/OneDrive/桌面/New Folder/CENG2010/basys3_lab01.xdc:107]
CRITICAL WARNING: [Common 17-55] 'set_property' expects at least one object. [C:/Users/kingk/OneDrive/桌面/New Folder/CENG2010/basys3_lab01.xdc:107]
Resolution: If [get_<value>] was used to populate the object, check to make sure this command returns at least one valid object.
WARNING: [Vivado 12-584] No ports matched 'an3'. [C:/Users/kingk/OneDrive/桌面/New Folder/CENG2010/basys3_lab01.xdc:108]
CRITICAL WARNING: [Common 17-55] 'set_property' expects at least one object. [C:/Users/kingk/OneDrive/桌面/New Folder/CENG2010/basys3_lab01.xdc:108]
Resolution: If [get_<value>] was used to populate the object, check to make sure this command returns at least one valid object.
WARNING: [Vivado 12-584] No ports matched 'an3'. [C:/Users/kingk/OneDrive/桌面/New Folder/CENG2010/basys3_lab01.xdc:109]
CRITICAL WARNING: [Common 17-55] 'set_property' expects at least one object. [C:/Users/kingk/OneDrive/桌面/New Folder/CENG2010/basys3_lab01.xdc:109]
Resolution: If [get_<value>] was used to populate the object, check to make sure this command returns at least one valid object.
Finished Parsing XDC File [C:/Users/kingk/OneDrive/桌面/New Folder/CENG2010/basys3_lab01.xdc]
INFO: [Project 1-236] Implementation specific constraints were found while reading constraint file [C:/Users/kingk/OneDrive/桌面/New Folder/CENG2010/basys3_lab01.xdc]. These constraints will be ignored for synthesis but will be used in implementation. Impacted constraints are listed in the file [.Xil/Lab_02_Q1_propImpl.xdc].
Resolution: To avoid this warning, move constraints listed in [.Xil/Lab_02_Q1_propImpl.xdc] to another XDC file and exclude this new file from synthesis with the used_in_synthesis property (File Properties dialog in GUI) and re-run elaboration/synthesis.
Completed Processing XDC Constraints

Netlist sorting complete. Time (s): cpu = 00:00:00 ; elapsed = 00:00:00 . Memory (MB): peak = 1017.875 ; gain = 0.000
INFO: [Project 1-111] Unisim Transformation Summary:
No Unisim elements were transformed.

Constraint Validation Runtime : Time (s): cpu = 00:00:00 ; elapsed = 00:00:00.005 . Memory (MB): peak = 1017.875 ; gain = 0.000
---------------------------------------------------------------------------------
Finished Constraint Validation : Time (s): cpu = 00:00:10 ; elapsed = 00:00:11 . Memory (MB): peak = 1017.875 ; gain = 0.000
---------------------------------------------------------------------------------
---------------------------------------------------------------------------------
Start Loading Part and Timing Information
---------------------------------------------------------------------------------
Loading part: xc7a35tcpg236-1
---------------------------------------------------------------------------------
Finished Loading Part and Timing Information : Time (s): cpu = 00:00:10 ; elapsed = 00:00:11 . Memory (MB): peak = 1017.875 ; gain = 0.000
---------------------------------------------------------------------------------
---------------------------------------------------------------------------------
Start Applying 'set_property' XDC Constraints
---------------------------------------------------------------------------------
---------------------------------------------------------------------------------
Finished applying 'set_property' XDC Constraints : Time (s): cpu = 00:00:10 ; elapsed = 00:00:11 . Memory (MB): peak = 1017.875 ; gain = 0.000
---------------------------------------------------------------------------------
---------------------------------------------------------------------------------
Finished RTL Optimization Phase 2 : Time (s): cpu = 00:00:10 ; elapsed = 00:00:11 . Memory (MB): peak = 1017.875 ; gain = 0.000
---------------------------------------------------------------------------------
---------------------------------------------------------------------------------
Start RTL Component Statistics 
---------------------------------------------------------------------------------
Detailed RTL Component Info : 
+---XORs : 
	   2 Input      1 Bit         XORs := 1     
---------------------------------------------------------------------------------
Finished RTL Component Statistics 
---------------------------------------------------------------------------------
---------------------------------------------------------------------------------
Start Part Resource Summary
---------------------------------------------------------------------------------
Part Resources:
DSPs: 90 (col length:60)
BRAMs: 100 (col length: RAMB18 60 RAMB36 30)
---------------------------------------------------------------------------------
Finished Part Resource Summary
---------------------------------------------------------------------------------
---------------------------------------------------------------------------------
Start Cross Boundary and Area Optimization
---------------------------------------------------------------------------------
---------------------------------------------------------------------------------
Finished Cross Boundary and Area Optimization : Time (s): cpu = 00:00:12 ; elapsed = 00:00:12 . Memory (MB): peak = 1017.875 ; gain = 0.000
---------------------------------------------------------------------------------
---------------------------------------------------------------------------------
Start Applying XDC Timing Constraints
---------------------------------------------------------------------------------
---------------------------------------------------------------------------------
Finished Applying XDC Timing Constraints : Time (s): cpu = 00:00:17 ; elapsed = 00:00:18 . Memory (MB): peak = 1017.875 ; gain = 0.000
---------------------------------------------------------------------------------
---------------------------------------------------------------------------------
Start Timing Optimization
---------------------------------------------------------------------------------
---------------------------------------------------------------------------------
Finished Timing Optimization : Time (s): cpu = 00:00:17 ; elapsed = 00:00:18 . Memory (MB): peak = 1017.875 ; gain = 0.000
---------------------------------------------------------------------------------
---------------------------------------------------------------------------------
Start Technology Mapping
---------------------------------------------------------------------------------
---------------------------------------------------------------------------------
Finished Technology Mapping : Time (s): cpu = 00:00:17 ; elapsed = 00:00:18 . Memory (MB): peak = 1034.129 ; gain = 16.254
---------------------------------------------------------------------------------
---------------------------------------------------------------------------------
Start IO Insertion
---------------------------------------------------------------------------------
---------------------------------------------------------------------------------
Start Flattening Before IO Insertion
---------------------------------------------------------------------------------
---------------------------------------------------------------------------------
Finished Flattening Before IO Insertion
---------------------------------------------------------------------------------
---------------------------------------------------------------------------------
Start Final Netlist Cleanup
---------------------------------------------------------------------------------
---------------------------------------------------------------------------------
Finished Final Netlist Cleanup
---------------------------------------------------------------------------------
---------------------------------------------------------------------------------
Finished IO Insertion : Time (s): cpu = 00:00:20 ; elapsed = 00:00:21 . Memory (MB): peak = 1039.949 ; gain = 22.074
---------------------------------------------------------------------------------
---------------------------------------------------------------------------------
Start Renaming Generated Instances
---------------------------------------------------------------------------------
---------------------------------------------------------------------------------
Finished Renaming Generated Instances : Time (s): cpu = 00:00:20 ; elapsed = 00:00:21 . Memory (MB): peak = 1039.949 ; gain = 22.074
---------------------------------------------------------------------------------
---------------------------------------------------------------------------------
Start Rebuilding User Hierarchy
---------------------------------------------------------------------------------
---------------------------------------------------------------------------------
Finished Rebuilding User Hierarchy : Time (s): cpu = 00:00:20 ; elapsed = 00:00:21 . Memory (MB): peak = 1039.949 ; gain = 22.074
---------------------------------------------------------------------------------
---------------------------------------------------------------------------------
Start Renaming Generated Ports
---------------------------------------------------------------------------------
---------------------------------------------------------------------------------
Finished Renaming Generated Ports : Time (s): cpu = 00:00:20 ; elapsed = 00:00:21 . Memory (MB): peak = 1039.949 ; gain = 22.074
---------------------------------------------------------------------------------
---------------------------------------------------------------------------------
Start Handling Custom Attributes
---------------------------------------------------------------------------------
---------------------------------------------------------------------------------
Finished Handling Custom Attributes : Time (s): cpu = 00:00:20 ; elapsed = 00:00:21 . Memory (MB): peak = 1039.949 ; gain = 22.074
---------------------------------------------------------------------------------
---------------------------------------------------------------------------------
Start Renaming Generated Nets
---------------------------------------------------------------------------------
---------------------------------------------------------------------------------
Finished Renaming Generated Nets : Time (s): cpu = 00:00:20 ; elapsed = 00:00:21 . Memory (MB): peak = 1039.949 ; gain = 22.074
---------------------------------------------------------------------------------
---------------------------------------------------------------------------------
Start Writing Synthesis Report
---------------------------------------------------------------------------------

Report BlackBoxes: 
+-+--------------+----------+
| |BlackBox name |Instances |
+-+--------------+----------+
+-+--------------+----------+

Report Cell Usage: 
+------+-----+------+
|      |Cell |Count |
+------+-----+------+
|1     |LUT4 |     1|
|2     |IBUF |     4|
|3     |OBUF |     1|
+------+-----+------+
---------------------------------------------------------------------------------
Finished Writing Synthesis Report : Time (s): cpu = 00:00:20 ; elapsed = 00:00:21 . Memory (MB): peak = 1039.949 ; gain = 22.074
---------------------------------------------------------------------------------
Synthesis finished with 0 errors, 0 critical warnings and 0 warnings.
Synthesis Optimization Runtime : Time (s): cpu = 00:00:13 ; elapsed = 00:00:19 . Memory (MB): peak = 1039.949 ; gain = 22.074
Synthesis Optimization Complete : Time (s): cpu = 00:00:20 ; elapsed = 00:00:21 . Memory (MB): peak = 1039.949 ; gain = 22.074
INFO: [Project 1-571] Translating synthesized netlist
Netlist sorting complete. Time (s): cpu = 00:00:00 ; elapsed = 00:00:00 . Memory (MB): peak = 1052.027 ; gain = 0.000
INFO: [Project 1-570] Preparing netlist for logic optimization
INFO: [Opt 31-138] Pushed 0 inverter(s) to 0 load pin(s).
Netlist sorting complete. Time (s): cpu = 00:00:00 ; elapsed = 00:00:00 . Memory (MB): peak = 1057.023 ; gain = 0.000
INFO: [Project 1-111] Unisim Transformation Summary:
No Unisim elements were transformed.

INFO: [Common 17-83] Releasing license: Synthesis
15 Infos, 46 Warnings, 47 Critical Warnings and 0 Errors encountered.
synth_design completed successfully
synth_design: Time (s): cpu = 00:00:25 ; elapsed = 00:00:31 . Memory (MB): peak = 1057.023 ; gain = 39.148
INFO: [runtcl-6] Synthesis results are not added to the cache due to CRITICAL_WARNING
INFO: [Common 17-1381] The checkpoint 'C:/Users/kingk/OneDrive/New Folder/CENG2010/ceng2010_lab1_q1/ceng2010_lab1_q1.runs/synth_1/Lab_02_Q1.dcp' has been generated.
INFO: [runtcl-4] Executing : report_utilization -file Lab_02_Q1_utilization_synth.rpt -pb Lab_02_Q1_utilization_synth.pb
INFO: [Common 17-206] Exiting Vivado at Tue Feb  9 23:40:38 2021...
