Unable to capture context for thread 6208 in process 7004, can not generate back trace
Unable to capture context for thread 7536 in process 7004, can not generate back trace
Unable to capture context for thread 10984 in process 7004, can not generate back trace
Unable to capture context for thread 5380 in process 7004, can not generate back trace
Exception at PC 0x00007FFD8BB39129
Unable to capture context for thread 6208 in process 7004, can not generate back trace
Unable to capture context for thread 7536 in process 7004, can not generate back trace
Unable to capture context for thread 5384 in process 7004, can not generate back trace
Exception at PC 0x00007FFD1226BB93
Printing stacktrace...

Exception at PC 0x00007FFD8BB39129
Exception at PC 0x00007FFD8BB39129
Exception at PC 0x00007FFD8BB39129
Exception at PC 0x00007FFD8BB39129
Exception at PC 0x00007FFD8BB39129
Exception at PC 0x00007FFD8BB39129
Exception at PC 0x00007FFD8BB39129
Exception at PC 0x00007FFD8BB39129
Exception at PC 0x00007FFD8BB39129
Exception at PC 0x00007FFD8BB39129
Exception at PC 0x00007FFD8BB39129
Exception at PC 0x00007FFD8BB39129
Exception at PC 0x00007FFD8BB39129
Exception at PC 0x00007FFD8BB39129
Exception at PC 0x00007FFD8BB39129
Exception at PC 0x00007FFD8BB39129
Exception at PC 0x00007FFD8BB39129
Exception at PC 0x00007FFD8BB39129
Exception at PC 0x00007FFD8BB39129
[0]  [0x00007FFD1226BB93]
[1]  [0x00007FFD1226BB93]
[2]  [0x00007FFD1226B4A1]
[3]  [0x00007FFD1226B3EF]
[4]  [0x00007FFD122519FE]
[5]  [0x00007FFD12250ED1]
[6]  [0x00007FFD12250D76]
[7]  [0x00007FFD121F79F6]
[8]  [0x00007FFD121E7AFB]
[9]  [0x00007FFD1230E90A]
[10]  [0x00007FFD12329F87]
[11]  [0x00007FFD1232A05F]
[12] (BaseThreadInitThunk+0x14) [0x00007FFD8C897974]
[13] (RtlUserThreadStart+0x21) [0x00007FFD8EC0A271]
Done
